2018-08-07 04:01:49 [127.0.0.1][-][-][error][yii\i18n\PhpMessageSource::loadFallbackMessages] The message file for category 'app' does not exist: F:\RedTiger\inbox-auto.tigerweb.vn\backend/messages/vi-VI/app.php Fallback file does not exist as well: F:\RedTiger\inbox-auto.tigerweb.vn\backend/messages/vi/app.php
    in F:\RedTiger\inbox-auto.tigerweb.vn\common\models\LoginForm.php:85
    in F:\RedTiger\inbox-auto.tigerweb.vn\backend\views\site\login.php:17
    in F:\RedTiger\inbox-auto.tigerweb.vn\backend\controllers\SiteController.php:118
2018-08-07 04:01:48 [127.0.0.1][-][-][info][application] $_GET = []

$_POST = []

$_FILES = []

$_COOKIE = [
    '_ga' => 'GA1.2.456177752.1522314108'
    '__tawkuuid' => 'e::tigerweb.vn::OqOL0IZ8fX3EPSPealsM5eNQ qp8RWwpy/T4xqTD8m47McK9ThmtF2Pjzk/uRk0l::2'
    '__zi' => '2000.085917b005d1ee8fb7c0.1516599930863.686b744b'
    'advanced-frontend' => 'fhspvqvik5i3r50rnndnpc1p92'
    '_identity-frontend' => '77ed72c724ca56abfc20d3c840ea5416ef7d8aab3b0ce299940e3f34a5da0168a:2:{i:0;s:18:\"_identity-frontend\";i:1;s:46:\"[3,\"brmSw29LfLd9R8-ejF8Xl5lMniOZihxW\",2592000]\";}'
    '_csrf-frontend' => '40bc478e8f44cad1ab5a2d2f09e6ee6c638f49a89197ca3f642bf28601f95058a:2:{i:0;s:14:\"_csrf-frontend\";i:1;s:32:\"7KKJBJU2BuCfTAPI-r5l6gje2POMvGrD\";}'
    'advanced-backend' => '5s82dsfdahj0lpj9u71cj9a6q5'
]

$_SESSION = [
    '__flash' => []
    '__returnUrl' => '/admin'
]

$_SERVER = [
    'REDIRECT_STATUS' => '200'
    'HTTP_HOST' => 'inbox-auto.tigerweb.vn'
    'HTTP_CONNECTION' => 'keep-alive'
    'HTTP_UPGRADE_INSECURE_REQUESTS' => '1'
    'HTTP_USER_AGENT' => 'Mozilla/5.0 (Windows NT 10.0; Win64; x64) AppleWebKit/537.36 (KHTML, like Gecko) Chrome/68.0.3440.84 Safari/537.36'
    'HTTP_ACCEPT' => 'text/html,application/xhtml+xml,application/xml;q=0.9,image/webp,image/apng,*/*;q=0.8'
    'HTTP_ACCEPT_ENCODING' => 'gzip, deflate'
    'HTTP_ACCEPT_LANGUAGE' => 'en-US,en;q=0.9,vi;q=0.8'
    'HTTP_COOKIE' => '_ga=GA1.2.456177752.1522314108; __tawkuuid=e::tigerweb.vn::OqOL0IZ8fX3EPSPealsM5eNQ+qp8RWwpy/T4xqTD8m47McK9ThmtF2Pjzk/uRk0l::2; __zi=2000.085917b005d1ee8fb7c0.1516599930863.686b744b; advanced-frontend=fhspvqvik5i3r50rnndnpc1p92; _identity-frontend=77ed72c724ca56abfc20d3c840ea5416ef7d8aab3b0ce299940e3f34a5da0168a%3A2%3A%7Bi%3A0%3Bs%3A18%3A%22_identity-frontend%22%3Bi%3A1%3Bs%3A46%3A%22%5B3%2C%22brmSw29LfLd9R8-ejF8Xl5lMniOZihxW%22%2C2592000%5D%22%3B%7D; _csrf-frontend=40bc478e8f44cad1ab5a2d2f09e6ee6c638f49a89197ca3f642bf28601f95058a%3A2%3A%7Bi%3A0%3Bs%3A14%3A%22_csrf-frontend%22%3Bi%3A1%3Bs%3A32%3A%227KKJBJU2BuCfTAPI-r5l6gje2POMvGrD%22%3B%7D; advanced-backend=5s82dsfdahj0lpj9u71cj9a6q5'
    'PATH' => 'C:\\Python27\\;C:\\Python27\\Scripts;C:\\ProgramData\\Oracle\\Java\\javapath;C:\\WINDOWS\\system32;C:\\WINDOWS;C:\\WINDOWS\\System32\\Wbem;C:\\WINDOWS\\System32\\WindowsPowerShell\\v1.0\\;C:\\Program Files\\Git\\cmd;D:\\wamp64\\bin\\php\\php5.6.25;C:\\ProgramData\\ComposerSetup\\bin;C:\\HashiCorp\\Vagrant\\bin;C:\\wamp64\\bin\\php\\php5.6.25;C:\\Program Files\\Java\\jdk1.8.0_172\\bin;C:\\Program Files (x86)\\Yarn\\bin;C:\\WINDOWS\\System32\\OpenSSH\\;C:\\ProgramData\\chocolatey\\bin;C:\\Program Files\\nodejs\\;C:\\Program Files\\Java\\jdk1.8.0_172\\bin;C:\\WINDOWS\\system32\\config\\systemprofile\\AppData\\Local\\Microsoft\\WindowsApps'
    'SystemRoot' => 'C:\\WINDOWS'
    'COMSPEC' => 'C:\\WINDOWS\\system32\\cmd.exe'
    'PATHEXT' => '.COM;.EXE;.BAT;.CMD;.VBS;.VBE;.JS;.JSE;.WSF;.WSH;.MSC'
    'WINDIR' => 'C:\\WINDOWS'
    'SERVER_SIGNATURE' => '<address>Apache/2.4.23 (Win64) PHP/5.6.25 Server at inbox-auto.tigerweb.vn Port 80</address>
'
    'SERVER_SOFTWARE' => 'Apache/2.4.23 (Win64) PHP/5.6.25'
    'SERVER_NAME' => 'inbox-auto.tigerweb.vn'
    'SERVER_ADDR' => '127.0.0.1'
    'SERVER_PORT' => '80'
    'REMOTE_ADDR' => '127.0.0.1'
    'DOCUMENT_ROOT' => 'F:/RedTiger/inbox-auto.tigerweb.vn'
    'REQUEST_SCHEME' => 'http'
    'CONTEXT_PREFIX' => ''
    'CONTEXT_DOCUMENT_ROOT' => 'F:/RedTiger/inbox-auto.tigerweb.vn'
    'SERVER_ADMIN' => 'wampserver@wampserver.invalid'
    'SCRIPT_FILENAME' => 'F:/RedTiger/inbox-auto.tigerweb.vn/backend/web/index.php'
    'REMOTE_PORT' => '54704'
    'REDIRECT_URL' => '/admin/site/login'
    'GATEWAY_INTERFACE' => 'CGI/1.1'
    'SERVER_PROTOCOL' => 'HTTP/1.1'
    'REQUEST_METHOD' => 'GET'
    'QUERY_STRING' => ''
    'REQUEST_URI' => '/admin/site/login'
    'SCRIPT_NAME' => '/backend/web/index.php'
    'PHP_SELF' => '/backend/web/index.php'
    'REQUEST_TIME_FLOAT' => 1533614508.912
    'REQUEST_TIME' => 1533614508
    'argv' => []
    'argc' => 0
]
